<?xml version="1.0" encoding="UTF-8"?>
<testng-results ignored="0" total="1" passed="1" failed="0" skipped="0">
  <reporter-output>
  </reporter-output>
  <suite started-at="2023-06-20T18:40:59 EDT" name="Default suite" finished-at="2023-06-20T18:41:17 EDT" duration-ms="17684">
    <groups>
    </groups>
    <test started-at="2023-06-20T18:40:59 EDT" name="Default test" finished-at="2023-06-20T18:41:17 EDT" duration-ms="17684">
      <class name="TestLayer.SortingTest">
        <test-method is-config="true" signature="initsetup()[pri:0, instance:TestLayer.SortingTest@5fe94a96]" started-at="2023-06-20T18:41:00 EDT" name="initsetup" finished-at="2023-06-20T18:41:06 EDT" duration-ms="5675" status="PASS">
          <reporter-output>
          </reporter-output>
        </test-method> <!-- initsetup -->
        <test-method signature="Login(java.lang.String,java.lang.String)[pri:1, instance:TestLayer.SortingTest@5fe94a96]" started-at="2023-06-20T18:41:06 EDT" name="Login" data-provider="details" finished-at="2023-06-20T18:41:16 EDT" duration-ms="10667" status="PASS">
          <params>
            <param index="0">
              <value>
                <![CDATA[sandhunavjot504@gmail.com]]>
              </value>
            </param>
            <param index="1">
              <value>
                <![CDATA[Waheguru@1]]>
              </value>
            </param>
          </params>
          <reporter-output>
          </reporter-output>
        </test-method> <!-- Login -->
        <test-method is-config="true" signature="close()[pri:0, instance:TestLayer.SortingTest@5fe94a96]" started-at="2023-06-20T18:41:16 EDT" name="close" finished-at="2023-06-20T18:41:17 EDT" duration-ms="349" status="PASS">
          <reporter-output>
          </reporter-output>
        </test-method> <!-- close -->
      </class> <!-- TestLayer.SortingTest -->
    </test> <!-- Default test -->
  </suite> <!-- Default suite -->
</testng-results>
